<?xml version="1.0" encoding="UTF-8"?>
<!-- Generated by org.testng.reporters.JUnitReportReporter -->
<testsuite hostname="LAPTOP-2TJBEIAD" failures="0" tests="1" name="eCommerce_testLayer.BigBasket" time="11.322" errors="0" timestamp="2023-07-31T19:15:06 IST" skipped="0">
  <testcase classname="eCommerce_testLayer.BigBasket" name="BigBasketTest" time="11.322"/>
  <system-out/>
</testsuite> <!-- eCommerce_testLayer.BigBasket -->
